Build started 29-01-2012 17:18:12.
     1>Project "S:\Computer Info\Computer Info C++\Computer Info C++\Computer Info C++.vcxproj" on node 2 (build target(s)).
     1>InitializeBuildStatus:
         Creating "Debug\Computer Info C++.unsuccessfulbuild" because "AlwaysCreate" was specified.
       ClCompile:
         C:\Program Files (x86)\Microsoft Visual Studio 10.0\VC\bin\CL.exe /c /ZI /nologo /W3 /WX- /Od /Oy- /D _MBCS /Gm /EHsc /RTC1 /MDd /GS /fp:precise /Zc:wchar_t /Zc:forScope /Fo"Debug\\" /Fd"Debug\vc100.pdb" /Gd /TP /analyze- /errorReport:prompt Main.cpp
         Main.cpp
     1>s:\computer info\computer info c++\computer info c++\getmacaddress.h(14): warning C4996: 'sprintf': This function or variable may be unsafe. Consider using sprintf_s instead. To disable deprecation, use _CRT_SECURE_NO_WARNINGS. See online help for details.
                 c:\program files (x86)\microsoft visual studio 10.0\vc\include\stdio.h(371) : see declaration of 'sprintf'
     1>s:\computer info\computer info c++\computer info c++\getmacaddress.h(59): warning C4715: 'GetMACAddress' : not all control paths return a value
       Link:
         C:\Program Files (x86)\Microsoft Visual Studio 10.0\VC\bin\link.exe /ERRORREPORT:PROMPT /OUT:"S:\Computer Info\Computer Info C++\Debug\Computer Info C++.exe" /NOLOGO kernel32.lib user32.lib gdi32.lib winspool.lib comdlg32.lib advapi32.lib shell32.lib ole32.lib oleaut32.lib uuid.lib odbc32.lib odbccp32.lib /MANIFEST /ManifestFile:"Debug\Computer Info C++.exe.intermediate.manifest" /MANIFESTUAC:"level='asInvoker' uiAccess='false'" /DEBUG /PDB:"S:\Computer Info\Computer Info C++\Debug\Computer Info C++.pdb" /TLBID:1 /DYNAMICBASE /NXCOMPAT /IMPLIB:"S:\Computer Info\Computer Info C++\Debug\Computer Info C++.lib" /MACHINE:X86 Debug\Main.obj
         LINK : S:\Computer Info\Computer Info C++\Debug\Computer Info C++.exe not found or not built by the last incremental link; performing full link
         Computer Info C++.vcxproj -> S:\Computer Info\Computer Info C++\Debug\Computer Info C++.exe
       Manifest:
         C:\Program Files (x86)\Microsoft SDKs\Windows\v7.0A\bin\mt.exe /nologo /verbose /outputresource:"S:\Computer Info\Computer Info C++\Debug\Computer Info C++.exe;#1" /manifest "Debug\Computer Info C++.exe.intermediate.manifest"
       FinalizeBuildStatus:
         Deleting file "Debug\Computer Info C++.unsuccessfulbuild".
         Touching "Debug\Computer Info C++.lastbuildstate".
     1>Done Building Project "S:\Computer Info\Computer Info C++\Computer Info C++\Computer Info C++.vcxproj" (build target(s)).

Build succeeded.

Time Elapsed 00:00:01.27
